# JRE version: OpenJDK Runtime Environment Temurin-21.0.9+10 (21.0.9+10) (build 21.0.9+10-LTS)
# Java VM: OpenJDK 64-Bit Server VM Temurin-21.0.9+10 (21.0.9+10-LTS, mixed mode, sharing, tiered, compressed oops, compressed class ptrs, g1 gc, windows-amd64)
GC Precious Log:
 CardTable entry size: 512
 Card Set container configuration: InlinePtr #cards 4 size 8 Array Of Cards #cards 16 size 48 Howl #buckets 8 coarsen threshold 3686 Howl Bitmap #cards 512 size 80 coarsen threshold 460 Card regions per heap region 1 cards per card region 4096
 CPUs: 12 total, 12 available
 Memory: 16024M
 Large Page Support: Disabled
 NUMA Support: Disabled
 Compressed Oops: Enabled (Zero based)
 Heap Region Size: 2M
 Heap Min Capacity: 8M
 Heap Initial Capacity: 252M
 Heap Max Capacity: 4008M
 Pre-touch: Disabled
 Parallel Workers: 10
 Concurrent Workers: 3
 Concurrent Refinement Workers: 10
 Periodic GC: Disabled
Heap:
 garbage-first heap   total 258048K, used 37187K [0x0000000705800000, 0x0000000800000000)
  region size 2048K, 16 young (32768K), 6 survivors (12288K)
 Metaspace       used 16853K, committed 17216K, reserved 1114112K
  class space    used 2084K, committed 2240K, reserved 1048576K
GC Heap History (6 events):
Event: 0.822 GC heap before
{Heap before GC invocations=0 (full 0):
 garbage-first heap   total 258048K, used 30720K [0x0000000705800000, 0x0000000800000000)
  region size 2048K, 11 young (22528K), 0 survivors (0K)
 Metaspace       used 7931K, committed 8128K, reserved 1114112K
  class space    used 1010K, committed 1088K, reserved 1048576K
}
Event: 0.826 GC heap after
{Heap after GC invocations=1 (full 0):
 garbage-first heap   total 258048K, used 7797K [0x0000000705800000, 0x0000000800000000)
  region size 2048K, 2 young (4096K), 2 survivors (4096K)
 Metaspace       used 7931K, committed 8128K, reserved 1114112K
  class space    used 1010K, committed 1088K, reserved 1048576K
}
Event: 6.446 GC heap before
{Heap before GC invocations=1 (full 0):
 garbage-first heap   total 258048K, used 40565K [0x0000000705800000, 0x0000000800000000)
  region size 2048K, 19 young (38912K), 2 survivors (4096K)
 Metaspace       used 12369K, committed 12672K, reserved 1114112K
  class space    used 1510K, committed 1664K, reserved 1048576K
}
Event: 6.460 GC heap after
{Heap after GC invocations=2 (full 0):
 garbage-first heap   total 258048K, used 13115K [0x0000000705800000, 0x0000000800000000)
  region size 2048K, 3 young (6144K), 3 survivors (6144K)
 Metaspace       used 12369K, committed 12672K, reserved 1114112K
  class space    used 1510K, committed 1664K, reserved 1048576K
}
Event: 11.513 GC heap before
{Heap before GC invocations=2 (full 0):
 garbage-first heap   total 258048K, used 113467K [0x0000000705800000, 0x0000000800000000)
  region size 2048K, 52 young (106496K), 3 survivors (6144K)
 Metaspace       used 14603K, committed 14912K, reserved 1114112K
  class space    used 1829K, committed 1984K, reserved 1048576K
}
Event: 11.524 GC heap after
{Heap after GC invocations=3 (full 0):
 garbage-first heap   total 258048K, used 18755K [0x0000000705800000, 0x0000000800000000)
  region size 2048K, 6 young (12288K), 6 survivors (12288K)
 Metaspace       used 14603K, committed 14912K, reserved 1114112K
  class space    used 1829K, committed 1984K, reserved 1048576K
}

